# JRE version: OpenJDK Runtime Environment Temurin-21.0.3+9 (21.0.3+9) (build 21.0.3+9-LTS)
# Java VM: OpenJDK 64-Bit Server VM Temurin-21.0.3+9 (21.0.3+9-LTS, mixed mode, emulated-client, sharing, tiered, compressed oops, compressed class ptrs, g1 gc, windows-amd64)
GC Precious Log:
 CardTable entry size: 512
 Card Set container configuration: InlinePtr #cards 5 size 8 Array Of Cards #cards 12 size 40 Howl #buckets 4 coarsen threshold 1843 Howl Bitmap #cards 512 size 80 coarsen threshold 460 Card regions per heap region 1 cards per card region 2048
 CPUs: 8 total, 8 available
 Memory: 7778M
 Large Page Support: Disabled
 NUMA Support: Disabled
 Compressed Oops: Enabled (32-bit)
 Heap Region Size: 1M
 Heap Min Capacity: 8M
 Heap Initial Capacity: 122M
 Heap Max Capacity: 1946M
 Pre-touch: Disabled
 Parallel Workers: 8
 Concurrent Workers: 2
 Concurrent Refinement Workers: 8
 Periodic GC: Disabled
Heap:
 garbage-first heap   total 88064K, used 40802K [0x0000000086600000, 0x0000000100000000)
  region size 1024K, 9 young (9216K), 3 survivors (3072K)
 Metaspace       used 68758K, committed 71104K, reserved 1114112K
  class space    used 9585K, committed 10240K, reserved 1048576K
GC Heap History (20 events):
Event: 3479.454 GC heap after
{Heap after GC invocations=56 (full 14):
 garbage-first heap   total 88064K, used 30652K [0x0000000086600000, 0x0000000100000000)
  region size 1024K, 0 young (0K), 0 survivors (0K)
 Metaspace       used 70440K, committed 71360K, reserved 1114112K
  class space    used 9686K, committed 10112K, reserved 1048576K
}
Event: 3480.508 GC heap before
{Heap before GC invocations=56 (full 14):
 garbage-first heap   total 88064K, used 74684K [0x0000000086600000, 0x0000000100000000)
  region size 1024K, 44 young (45056K), 0 survivors (0K)
 Metaspace       used 70534K, committed 71424K, reserved 1114112K
  class space    used 9696K, committed 10112K, reserved 1048576K
}
Event: 3480.528 GC heap after
{Heap after GC invocations=57 (full 14):
 garbage-first heap   total 88064K, used 34748K [0x0000000086600000, 0x0000000100000000)
  region size 1024K, 4 young (4096K), 4 survivors (4096K)
 Metaspace       used 70534K, committed 71424K, reserved 1114112K
  class space    used 9696K, committed 10112K, reserved 1048576K
}
Event: 4105.304 GC heap before
{Heap before GC invocations=57 (full 14):
 garbage-first heap   total 88064K, used 76732K [0x0000000086600000, 0x0000000100000000)
  region size 1024K, 45 young (46080K), 4 survivors (4096K)
 Metaspace       used 70607K, committed 71488K, reserved 1114112K
  class space    used 9699K, committed 10112K, reserved 1048576K
}
Event: 4105.327 GC heap after
{Heap after GC invocations=58 (full 14):
 garbage-first heap   total 88064K, used 35501K [0x0000000086600000, 0x0000000100000000)
  region size 1024K, 2 young (2048K), 2 survivors (2048K)
 Metaspace       used 70607K, committed 71488K, reserved 1114112K
  class space    used 9699K, committed 10112K, reserved 1048576K
}
Event: 4175.958 GC heap before
{Heap before GC invocations=58 (full 14):
 garbage-first heap   total 88064K, used 39597K [0x0000000086600000, 0x0000000100000000)
  region size 1024K, 7 young (7168K), 2 survivors (2048K)
 Metaspace       used 70610K, committed 71552K, reserved 1114112K
  class space    used 9699K, committed 10112K, reserved 1048576K
}
Event: 4176.027 GC heap after
{Heap after GC invocations=59 (full 15):
 garbage-first heap   total 88064K, used 27935K [0x0000000086600000, 0x0000000100000000)
  region size 1024K, 0 young (0K), 0 survivors (0K)
 Metaspace       used 70453K, committed 71552K, reserved 1114112K
  class space    used 9661K, committed 10112K, reserved 1048576K
}
Event: 4227.902 GC heap before
{Heap before GC invocations=59 (full 15):
 garbage-first heap   total 88064K, used 75039K [0x0000000086600000, 0x0000000100000000)
  region size 1024K, 46 young (47104K), 0 survivors (0K)
 Metaspace       used 70728K, committed 71616K, reserved 1114112K
  class space    used 9751K, committed 10176K, reserved 1048576K
}
Event: 4227.908 GC heap after
{Heap after GC invocations=60 (full 15):
 garbage-first heap   total 88064K, used 32153K [0x0000000086600000, 0x0000000100000000)
  region size 1024K, 5 young (5120K), 5 survivors (5120K)
 Metaspace       used 70728K, committed 71616K, reserved 1114112K
  class space    used 9751K, committed 10176K, reserved 1048576K
}
Event: 4285.181 GC heap before
{Heap before GC invocations=60 (full 15):
 garbage-first heap   total 88064K, used 71065K [0x0000000086600000, 0x0000000100000000)
  region size 1024K, 45 young (46080K), 5 survivors (5120K)
 Metaspace       used 71009K, committed 72000K, reserved 1114112K
  class space    used 9791K, committed 10240K, reserved 1048576K
}
Event: 4285.285 GC heap after
{Heap after GC invocations=61 (full 16):
 garbage-first heap   total 88064K, used 30403K [0x0000000086600000, 0x0000000100000000)
  region size 1024K, 0 young (0K), 0 survivors (0K)
 Metaspace       used 68650K, committed 71168K, reserved 1114112K
  class space    used 9594K, committed 10240K, reserved 1048576K
}
Event: 4298.267 GC heap before
{Heap before GC invocations=61 (full 16):
 garbage-first heap   total 88064K, used 74435K [0x0000000086600000, 0x0000000100000000)
  region size 1024K, 43 young (44032K), 0 survivors (0K)
 Metaspace       used 68683K, committed 71168K, reserved 1114112K
  class space    used 9600K, committed 10240K, reserved 1048576K
}
Event: 4298.272 GC heap after
{Heap after GC invocations=62 (full 16):
 garbage-first heap   total 88064K, used 34062K [0x0000000086600000, 0x0000000100000000)
  region size 1024K, 4 young (4096K), 4 survivors (4096K)
 Metaspace       used 68683K, committed 71168K, reserved 1114112K
  class space    used 9600K, committed 10240K, reserved 1048576K
}
Event: 4409.169 GC heap before
{Heap before GC invocations=63 (full 16):
 garbage-first heap   total 88064K, used 75022K [0x0000000086600000, 0x0000000100000000)
  region size 1024K, 44 young (45056K), 4 survivors (4096K)
 Metaspace       used 68744K, committed 71104K, reserved 1114112K
  class space    used 9584K, committed 10240K, reserved 1048576K
}
Event: 4409.204 GC heap after
{Heap after GC invocations=64 (full 16):
 garbage-first heap   total 88064K, used 35544K [0x0000000086600000, 0x0000000100000000)
  region size 1024K, 3 young (3072K), 3 survivors (3072K)
 Metaspace       used 68744K, committed 71104K, reserved 1114112K
  class space    used 9584K, committed 10240K, reserved 1048576K
}
Event: 4648.753 GC heap before
{Heap before GC invocations=64 (full 16):
 garbage-first heap   total 88064K, used 74456K [0x0000000086600000, 0x0000000100000000)
  region size 1024K, 41 young (41984K), 3 survivors (3072K)
 Metaspace       used 68744K, committed 71104K, reserved 1114112K
  class space    used 9584K, committed 10240K, reserved 1048576K
}
Event: 4648.767 GC heap after
{Heap after GC invocations=65 (full 16):
 garbage-first heap   total 88064K, used 34978K [0x0000000086600000, 0x0000000100000000)
  region size 1024K, 3 young (3072K), 3 survivors (3072K)
 Metaspace       used 68744K, committed 71104K, reserved 1114112K
  class space    used 9584K, committed 10240K, reserved 1048576K
}
Event: 4901.030 GC heap before
{Heap before GC invocations=65 (full 16):
 garbage-first heap   total 88064K, used 75938K [0x0000000086600000, 0x0000000100000000)
  region size 1024K, 43 young (44032K), 3 survivors (3072K)
 Metaspace       used 68748K, committed 71104K, reserved 1114112K
  class space    used 9584K, committed 10240K, reserved 1048576K
}
Event: 4901.036 GC heap after
{Heap after GC invocations=66 (full 16):
 garbage-first heap   total 88064K, used 35062K [0x0000000086600000, 0x0000000100000000)
  region size 1024K, 3 young (3072K), 3 survivors (3072K)
 Metaspace       used 68748K, committed 71104K, reserved 1114112K
  class space    used 9584K, committed 10240K, reserved 1048576K
}
Event: 4927.624 GC heap before
{Heap before GC invocations=66 (full 16):
 garbage-first heap   total 88064K, used 40182K [0x0000000086600000, 0x0000000100000000)
  region size 1024K, 9 young (9216K), 3 survivors (3072K)
 Metaspace       used 68758K, committed 71104K, reserved 1114112K
  class space    used 9585K, committed 10240K, reserved 1048576K
}

